\o Program:		@(#)$CDS: libManager version 6.1.6 - CAT33 04/29/2014 15:28 (sjfnl813) $
\o Sub version:		sub-version  s009 
\o Arguments:		-mpssession virtuoso26242 -mpshost tux-41 
\o Working Directory:	tux-41:/userspace/z/zwang764/ece755/cadence
\o 64-bit offsets
\o Qt version: 		4.7.2
\o Log file is "/userspace/z/zwang764/ece755/cadence/libManager.log".
\o Opening libManager window.
\a nrSetCurrentWindow(cdsLibManager)
\a nrResizeWindow(cdsLibManager list(318 155 567 681))
\o changeWorkingDir("/userspace/z/zwang764/ece755/cadence") unnecessary.
\o ddSetForcedLib("") unnecessary.
\o MPS service: map window
\w Warning: LIB basic from File /cae/apps/data/cadence-2015/NCSU/installs/ncsu-cdk-1.6.0.beta/cdssetup/cds.lib Line 2 redefines
\w LIB basic from File /cae/apps/data/cadence-2015/installs/IC616/tools.lnx86/dfII/etc/cdsDotLibs/composer/cds.lib
\w Insert UNDEFINE basic
\w before DEFINE basic
\w     in /cae/apps/data/cadence-2015/NCSU/installs/ncsu-cdk-1.6.0.beta/cdssetup/cds.lib
\w Or remove or comment out DEFINE basic
\w     in /cae/apps/data/cadence-2015/installs/IC616/tools.lnx86/dfII/etc/cdsDotLibs/composer/cds.lib
\w to suppress this warning message.
\o Library Manager customization server connected.
\a nrResizeWindow(cdsLibManager list(385 57 567 681))
\a cdsLibManager->libListBox->value = "ECE755_new"
\a cdsLibManager->libLineEdit->value = "ECE755_new"
\a cdsLibManager->cellListBox->value = "3_edge_RO_tb_cp"
\a cdsLibManager->viewListBox->value = "schematic"
\a cdsLibManager->viewLineEdit->value = "schematic"
\a cdsLibManager->cellListBox->value = "3_edge_RO_tb"
\a cdsLibManager->viewLineEdit->value = ""
\a cdsLibManager->viewListBox->value = nil
\a cdsLibManager->viewListBox->value = "schematic"
\a cdsLibManager->viewLineEdit->value = "schematic"
\a cdsLibManager->cellListBox->value = nil
\a cdsLibManager->viewLineEdit->value = ""
\a cdsLibManager->viewListBox->value = nil
\a nrListItemAction(cdsLibManager->cellListBox 1 0)
\a cdsLibManager->cellListBox->value = "3_edge_RO_tb"
\a cdsLibManager->viewListBox->value = "schematic"
\a cdsLibManager->viewLineEdit->value = "schematic"
\a cdsLibManager->viewLineEdit->value = ""
\a cdsLibManager->viewListBox->value = nil
\o MPS request: edit design
\a cdsLibManager->libListBox->value = nil
\a cdsLibManager->cellListBox->value = nil
\a cdsLibManager->libLineEdit->value = ""
\w Warning: LIB basic from File /cae/apps/data/cadence-2015/NCSU/installs/ncsu-cdk-1.6.0.beta/cdssetup/cds.lib Line 2 redefines
\w LIB basic from File /cae/apps/data/cadence-2015/installs/IC616/tools.lnx86/dfII/etc/cdsDotLibs/composer/cds.lib
\w Insert UNDEFINE basic
\w before DEFINE basic
\w     in /cae/apps/data/cadence-2015/NCSU/installs/ncsu-cdk-1.6.0.beta/cdssetup/cds.lib
\w Or remove or comment out DEFINE basic
\w     in /cae/apps/data/cadence-2015/installs/IC616/tools.lnx86/dfII/etc/cdsDotLibs/composer/cds.lib
\w to suppress this warning message.
\a cdsLibManager->libListBox->value = "ECE755_new"
\a cdsLibManager->libLineEdit->value = "ECE755_new"
\a cdsLibManager->cellListBox->value = "3_edge_RO_tb"
\a cdsLibManager->viewListBox->value = "schematic"
\a cdsLibManager->viewLineEdit->value = "schematic"
\a cdsLibManager->viewLineEdit->value = ""
\a cdsLibManager->viewListBox->value = nil
\a cdsLibManager->viewListBox->value = "schematic"
\a cdsLibManager->viewLineEdit->value = "schematic"
\a cdsLibManager->cellLineEdit->value = "3_edge_RO_tb"
\a nrSetCurrentWindow(cdsLibManager)
